::1 - - [29/Aug/2017:16:11:57 +0000] "GET / HTTP/1.1" 304 - "-" "Mozilla/5.0 (Macintosh; Intel Mac OS X 10_12_3) AppleWebKit/537.36 (KHTML, like Gecko) Chrome/62.0.3187.0 Safari/537.36"
::1 - - [29/Aug/2017:16:11:57 +0000] "GET /favicon.ico HTTP/1.1" 200 684 "http://localhost:3000/" "Mozilla/5.0 (Macintosh; Intel Mac OS X 10_12_3) AppleWebKit/537.36 (KHTML, like Gecko) Chrome/62.0.3187.0 Safari/537.36"
::1 - - [29/Aug/2017:16:12:25 +0000] "GET /about HTTP/1.1" 200 678 "http://localhost:3000/" "Mozilla/5.0 (Macintosh; Intel Mac OS X 10_12_3) AppleWebKit/537.36 (KHTML, like Gecko) Chrome/62.0.3187.0 Safari/537.36"
::1 - - [29/Aug/2017:16:12:25 +0000] "GET /favicon.ico HTTP/1.1" 304 - "http://localhost:3000/about" "Mozilla/5.0 (Macintosh; Intel Mac OS X 10_12_3) AppleWebKit/537.36 (KHTML, like Gecko) Chrome/62.0.3187.0 Safari/537.36"
::1 - - [29/Aug/2017:16:12:26 +0000] "GET /rules HTTP/1.1" 200 678 "http://localhost:3000/about" "Mozilla/5.0 (Macintosh; Intel Mac OS X 10_12_3) AppleWebKit/537.36 (KHTML, like Gecko) Chrome/62.0.3187.0 Safari/537.36"
::1 - - [29/Aug/2017:16:12:26 +0000] "GET /favicon.ico HTTP/1.1" 304 - "http://localhost:3000/rules" "Mozilla/5.0 (Macintosh; Intel Mac OS X 10_12_3) AppleWebKit/537.36 (KHTML, like Gecko) Chrome/62.0.3187.0 Safari/537.36"
::1 - - [29/Aug/2017:16:12:27 +0000] "GET /scoreboard HTTP/1.1" 200 1112 "http://localhost:3000/rules" "Mozilla/5.0 (Macintosh; Intel Mac OS X 10_12_3) AppleWebKit/537.36 (KHTML, like Gecko) Chrome/62.0.3187.0 Safari/537.36"
::1 - - [29/Aug/2017:16:12:28 +0000] "GET /favicon.ico HTTP/1.1" 304 - "http://localhost:3000/scoreboard" "Mozilla/5.0 (Macintosh; Intel Mac OS X 10_12_3) AppleWebKit/537.36 (KHTML, like Gecko) Chrome/62.0.3187.0 Safari/537.36"
::1 - - [29/Aug/2017:16:13:04 +0000] "GET /team/599dcb451b41c451d3f5cd3b HTTP/1.1" 302 56 "http://localhost:3000/scoreboard" "Mozilla/5.0 (Macintosh; Intel Mac OS X 10_12_3) AppleWebKit/537.36 (KHTML, like Gecko) Chrome/62.0.3187.0 Safari/537.36"
::1 - - [29/Aug/2017:16:13:04 +0000] "GET /login HTTP/1.1" 200 1130 "http://localhost:3000/scoreboard" "Mozilla/5.0 (Macintosh; Intel Mac OS X 10_12_3) AppleWebKit/537.36 (KHTML, like Gecko) Chrome/62.0.3187.0 Safari/537.36"
::1 - - [29/Aug/2017:16:13:04 +0000] "GET /favicon.ico HTTP/1.1" 304 - "http://localhost:3000/login" "Mozilla/5.0 (Macintosh; Intel Mac OS X 10_12_3) AppleWebKit/537.36 (KHTML, like Gecko) Chrome/62.0.3187.0 Safari/537.36"
::1 - - [29/Aug/2017:16:13:08 +0000] "POST /api/login HTTP/1.1" 302 54 "http://localhost:3000/login" "Mozilla/5.0 (Macintosh; Intel Mac OS X 10_12_3) AppleWebKit/537.36 (KHTML, like Gecko) Chrome/62.0.3187.0 Safari/537.36"
::1 - - [29/Aug/2017:16:13:08 +0000] "GET /team HTTP/1.1" 200 1056 "http://localhost:3000/login" "Mozilla/5.0 (Macintosh; Intel Mac OS X 10_12_3) AppleWebKit/537.36 (KHTML, like Gecko) Chrome/62.0.3187.0 Safari/537.36"
::1 - - [29/Aug/2017:16:13:08 +0000] "GET /favicon.ico HTTP/1.1" 200 736 "http://localhost:3000/team" "Mozilla/5.0 (Macintosh; Intel Mac OS X 10_12_3) AppleWebKit/537.36 (KHTML, like Gecko) Chrome/62.0.3187.0 Safari/537.36"
::1 - - [29/Aug/2017:16:13:13 +0000] "GET /team HTTP/1.1" 200 1056 "http://localhost:3000/team" "Mozilla/5.0 (Macintosh; Intel Mac OS X 10_12_3) AppleWebKit/537.36 (KHTML, like Gecko) Chrome/62.0.3187.0 Safari/537.36"
::1 - - [29/Aug/2017:16:13:13 +0000] "GET /favicon.ico HTTP/1.1" 304 - "http://localhost:3000/team" "Mozilla/5.0 (Macintosh; Intel Mac OS X 10_12_3) AppleWebKit/537.36 (KHTML, like Gecko) Chrome/62.0.3187.0 Safari/537.36"
::1 - - [29/Aug/2017:16:13:14 +0000] "GET /problems HTTP/1.1" 302 54 "http://localhost:3000/team" "Mozilla/5.0 (Macintosh; Intel Mac OS X 10_12_3) AppleWebKit/537.36 (KHTML, like Gecko) Chrome/62.0.3187.0 Safari/537.36"
::1 - - [29/Aug/2017:16:13:14 +0000] "GET /team HTTP/1.1" 200 1056 "http://localhost:3000/team" "Mozilla/5.0 (Macintosh; Intel Mac OS X 10_12_3) AppleWebKit/537.36 (KHTML, like Gecko) Chrome/62.0.3187.0 Safari/537.36"
::1 - - [29/Aug/2017:16:13:14 +0000] "GET /favicon.ico HTTP/1.1" 304 - "http://localhost:3000/team" "Mozilla/5.0 (Macintosh; Intel Mac OS X 10_12_3) AppleWebKit/537.36 (KHTML, like Gecko) Chrome/62.0.3187.0 Safari/537.36"
::1 - - [29/Aug/2017:16:13:16 +0000] "GET /problems HTTP/1.1" 302 54 "http://localhost:3000/team" "Mozilla/5.0 (Macintosh; Intel Mac OS X 10_12_3) AppleWebKit/537.36 (KHTML, like Gecko) Chrome/62.0.3187.0 Safari/537.36"
::1 - - [29/Aug/2017:16:13:16 +0000] "GET /team HTTP/1.1" 200 1056 "http://localhost:3000/team" "Mozilla/5.0 (Macintosh; Intel Mac OS X 10_12_3) AppleWebKit/537.36 (KHTML, like Gecko) Chrome/62.0.3187.0 Safari/537.36"
::1 - - [29/Aug/2017:16:13:16 +0000] "GET /favicon.ico HTTP/1.1" 304 - "http://localhost:3000/team" "Mozilla/5.0 (Macintosh; Intel Mac OS X 10_12_3) AppleWebKit/537.36 (KHTML, like Gecko) Chrome/62.0.3187.0 Safari/537.36"
::1 - - [29/Aug/2017:16:13:19 +0000] "POST /api/leaveteam HTTP/1.1" 302 54 "http://localhost:3000/team" "Mozilla/5.0 (Macintosh; Intel Mac OS X 10_12_3) AppleWebKit/537.36 (KHTML, like Gecko) Chrome/62.0.3187.0 Safari/537.36"
::1 - - [29/Aug/2017:16:13:19 +0000] "GET /team HTTP/1.1" 200 1353 "http://localhost:3000/team" "Mozilla/5.0 (Macintosh; Intel Mac OS X 10_12_3) AppleWebKit/537.36 (KHTML, like Gecko) Chrome/62.0.3187.0 Safari/537.36"
::1 - - [29/Aug/2017:16:13:19 +0000] "GET /favicon.ico HTTP/1.1" 304 - "http://localhost:3000/team" "Mozilla/5.0 (Macintosh; Intel Mac OS X 10_12_3) AppleWebKit/537.36 (KHTML, like Gecko) Chrome/62.0.3187.0 Safari/537.36"
::1 - - [29/Aug/2017:16:13:21 +0000] "GET /problems HTTP/1.1" 302 54 "http://localhost:3000/team" "Mozilla/5.0 (Macintosh; Intel Mac OS X 10_12_3) AppleWebKit/537.36 (KHTML, like Gecko) Chrome/62.0.3187.0 Safari/537.36"
::1 - - [29/Aug/2017:16:13:21 +0000] "GET /team HTTP/1.1" 200 1353 "http://localhost:3000/team" "Mozilla/5.0 (Macintosh; Intel Mac OS X 10_12_3) AppleWebKit/537.36 (KHTML, like Gecko) Chrome/62.0.3187.0 Safari/537.36"
::1 - - [29/Aug/2017:16:13:21 +0000] "GET /favicon.ico HTTP/1.1" 304 - "http://localhost:3000/team" "Mozilla/5.0 (Macintosh; Intel Mac OS X 10_12_3) AppleWebKit/537.36 (KHTML, like Gecko) Chrome/62.0.3187.0 Safari/537.36"
::1 - - [29/Aug/2017:16:13:22 +0000] "GET /problems HTTP/1.1" 302 54 "http://localhost:3000/team" "Mozilla/5.0 (Macintosh; Intel Mac OS X 10_12_3) AppleWebKit/537.36 (KHTML, like Gecko) Chrome/62.0.3187.0 Safari/537.36"
::1 - - [29/Aug/2017:16:13:22 +0000] "GET /team HTTP/1.1" 200 1353 "http://localhost:3000/team" "Mozilla/5.0 (Macintosh; Intel Mac OS X 10_12_3) AppleWebKit/537.36 (KHTML, like Gecko) Chrome/62.0.3187.0 Safari/537.36"
::1 - - [29/Aug/2017:16:13:22 +0000] "GET /favicon.ico HTTP/1.1" 304 - "http://localhost:3000/team" "Mozilla/5.0 (Macintosh; Intel Mac OS X 10_12_3) AppleWebKit/537.36 (KHTML, like Gecko) Chrome/62.0.3187.0 Safari/537.36"
::1 - - [29/Aug/2017:16:13:23 +0000] "GET /scoreboard HTTP/1.1" 200 1064 "http://localhost:3000/team" "Mozilla/5.0 (Macintosh; Intel Mac OS X 10_12_3) AppleWebKit/537.36 (KHTML, like Gecko) Chrome/62.0.3187.0 Safari/537.36"
::1 - - [29/Aug/2017:16:13:23 +0000] "GET /favicon.ico HTTP/1.1" 304 - "http://localhost:3000/scoreboard" "Mozilla/5.0 (Macintosh; Intel Mac OS X 10_12_3) AppleWebKit/537.36 (KHTML, like Gecko) Chrome/62.0.3187.0 Safari/537.36"
::1 - - [29/Aug/2017:16:13:24 +0000] "GET /team/599dcb451b41c451d3f5cd3b HTTP/1.1" 500 2359 "http://localhost:3000/scoreboard" "Mozilla/5.0 (Macintosh; Intel Mac OS X 10_12_3) AppleWebKit/537.36 (KHTML, like Gecko) Chrome/62.0.3187.0 Safari/537.36"
::1 - - [29/Aug/2017:16:13:25 +0000] "GET /favicon.ico HTTP/1.1" 304 - "http://localhost:3000/team/599dcb451b41c451d3f5cd3b" "Mozilla/5.0 (Macintosh; Intel Mac OS X 10_12_3) AppleWebKit/537.36 (KHTML, like Gecko) Chrome/62.0.3187.0 Safari/537.36"
::1 - - [29/Aug/2017:16:13:28 +0000] "GET /favicon.ico HTTP/1.1" 304 - "http://localhost:3000/scoreboard" "Mozilla/5.0 (Macintosh; Intel Mac OS X 10_12_3) AppleWebKit/537.36 (KHTML, like Gecko) Chrome/62.0.3187.0 Safari/537.36"
::1 - - [29/Aug/2017:16:14:53 +0000] "GET /scoreboard HTTP/1.1" 304 - "http://localhost:3000/team" "Mozilla/5.0 (Macintosh; Intel Mac OS X 10_12_3) AppleWebKit/537.36 (KHTML, like Gecko) Chrome/62.0.3187.0 Safari/537.36"
::1 - - [29/Aug/2017:16:14:54 +0000] "GET /favicon.ico HTTP/1.1" 200 736 "http://localhost:3000/scoreboard" "Mozilla/5.0 (Macintosh; Intel Mac OS X 10_12_3) AppleWebKit/537.36 (KHTML, like Gecko) Chrome/62.0.3187.0 Safari/537.36"
::1 - - [29/Aug/2017:16:14:56 +0000] "GET /team HTTP/1.1" 200 1353 "http://localhost:3000/scoreboard" "Mozilla/5.0 (Macintosh; Intel Mac OS X 10_12_3) AppleWebKit/537.36 (KHTML, like Gecko) Chrome/62.0.3187.0 Safari/537.36"
::1 - - [29/Aug/2017:16:14:56 +0000] "GET /favicon.ico HTTP/1.1" 304 - "http://localhost:3000/team" "Mozilla/5.0 (Macintosh; Intel Mac OS X 10_12_3) AppleWebKit/537.36 (KHTML, like Gecko) Chrome/62.0.3187.0 Safari/537.36"
::1 - - [29/Aug/2017:16:15:00 +0000] "POST /api/jointeam HTTP/1.1" 302 54 "http://localhost:3000/team" "Mozilla/5.0 (Macintosh; Intel Mac OS X 10_12_3) AppleWebKit/537.36 (KHTML, like Gecko) Chrome/62.0.3187.0 Safari/537.36"
::1 - - [29/Aug/2017:16:15:00 +0000] "GET /team HTTP/1.1" 200 1353 "http://localhost:3000/team" "Mozilla/5.0 (Macintosh; Intel Mac OS X 10_12_3) AppleWebKit/537.36 (KHTML, like Gecko) Chrome/62.0.3187.0 Safari/537.36"
::1 - - [29/Aug/2017:16:15:00 +0000] "GET /favicon.ico HTTP/1.1" 304 - "http://localhost:3000/team" "Mozilla/5.0 (Macintosh; Intel Mac OS X 10_12_3) AppleWebKit/537.36 (KHTML, like Gecko) Chrome/62.0.3187.0 Safari/537.36"
::1 - - [29/Aug/2017:16:15:04 +0000] "POST /api/jointeam HTTP/1.1" 302 54 "http://localhost:3000/team" "Mozilla/5.0 (Macintosh; Intel Mac OS X 10_12_3) AppleWebKit/537.36 (KHTML, like Gecko) Chrome/62.0.3187.0 Safari/537.36"
::1 - - [29/Aug/2017:16:15:04 +0000] "GET /team HTTP/1.1" 200 1055 "http://localhost:3000/team" "Mozilla/5.0 (Macintosh; Intel Mac OS X 10_12_3) AppleWebKit/537.36 (KHTML, like Gecko) Chrome/62.0.3187.0 Safari/537.36"
::1 - - [29/Aug/2017:16:15:04 +0000] "GET /favicon.ico HTTP/1.1" 304 - "http://localhost:3000/team" "Mozilla/5.0 (Macintosh; Intel Mac OS X 10_12_3) AppleWebKit/537.36 (KHTML, like Gecko) Chrome/62.0.3187.0 Safari/537.36"
::1 - - [29/Aug/2017:16:15:07 +0000] "GET /problems HTTP/1.1" 200 2347 "http://localhost:3000/team" "Mozilla/5.0 (Macintosh; Intel Mac OS X 10_12_3) AppleWebKit/537.36 (KHTML, like Gecko) Chrome/62.0.3187.0 Safari/537.36"
::1 - - [29/Aug/2017:16:15:07 +0000] "GET /favicon.ico HTTP/1.1" 304 - "http://localhost:3000/problems" "Mozilla/5.0 (Macintosh; Intel Mac OS X 10_12_3) AppleWebKit/537.36 (KHTML, like Gecko) Chrome/62.0.3187.0 Safari/537.36"
::1 - - [29/Aug/2017:16:15:10 +0000] "GET /team HTTP/1.1" 200 1055 "http://localhost:3000/problems" "Mozilla/5.0 (Macintosh; Intel Mac OS X 10_12_3) AppleWebKit/537.36 (KHTML, like Gecko) Chrome/62.0.3187.0 Safari/537.36"
::1 - - [29/Aug/2017:16:15:10 +0000] "GET /favicon.ico HTTP/1.1" 304 - "http://localhost:3000/team" "Mozilla/5.0 (Macintosh; Intel Mac OS X 10_12_3) AppleWebKit/537.36 (KHTML, like Gecko) Chrome/62.0.3187.0 Safari/537.36"
::1 - - [29/Aug/2017:16:15:11 +0000] "GET /scoreboard HTTP/1.1" 200 1163 "http://localhost:3000/team" "Mozilla/5.0 (Macintosh; Intel Mac OS X 10_12_3) AppleWebKit/537.36 (KHTML, like Gecko) Chrome/62.0.3187.0 Safari/537.36"
::1 - - [29/Aug/2017:16:15:11 +0000] "GET /favicon.ico HTTP/1.1" 304 - "http://localhost:3000/scoreboard" "Mozilla/5.0 (Macintosh; Intel Mac OS X 10_12_3) AppleWebKit/537.36 (KHTML, like Gecko) Chrome/62.0.3187.0 Safari/537.36"
::1 - - [29/Aug/2017:16:15:12 +0000] "GET /team/599dcb451b41c451d3f5cd3b HTTP/1.1" 500 2359 "http://localhost:3000/scoreboard" "Mozilla/5.0 (Macintosh; Intel Mac OS X 10_12_3) AppleWebKit/537.36 (KHTML, like Gecko) Chrome/62.0.3187.0 Safari/537.36"
::1 - - [29/Aug/2017:16:15:12 +0000] "GET /favicon.ico HTTP/1.1" 304 - "http://localhost:3000/team/599dcb451b41c451d3f5cd3b" "Mozilla/5.0 (Macintosh; Intel Mac OS X 10_12_3) AppleWebKit/537.36 (KHTML, like Gecko) Chrome/62.0.3187.0 Safari/537.36"
::1 - - [29/Aug/2017:16:16:44 +0000] "GET /team/599dcb451b41c451d3f5cd3b HTTP/1.1" 200 759 "http://localhost:3000/scoreboard" "Mozilla/5.0 (Macintosh; Intel Mac OS X 10_12_3) AppleWebKit/537.36 (KHTML, like Gecko) Chrome/62.0.3187.0 Safari/537.36"
::1 - - [29/Aug/2017:16:16:44 +0000] "GET /favicon.ico HTTP/1.1" 200 736 "http://localhost:3000/team/599dcb451b41c451d3f5cd3b" "Mozilla/5.0 (Macintosh; Intel Mac OS X 10_12_3) AppleWebKit/537.36 (KHTML, like Gecko) Chrome/62.0.3187.0 Safari/537.36"
::1 - - [29/Aug/2017:16:16:47 +0000] "GET /scoreboard HTTP/1.1" 304 - "http://localhost:3000/team/599dcb451b41c451d3f5cd3b" "Mozilla/5.0 (Macintosh; Intel Mac OS X 10_12_3) AppleWebKit/537.36 (KHTML, like Gecko) Chrome/62.0.3187.0 Safari/537.36"
::1 - - [29/Aug/2017:16:16:47 +0000] "GET /favicon.ico HTTP/1.1" 304 - "http://localhost:3000/scoreboard" "Mozilla/5.0 (Macintosh; Intel Mac OS X 10_12_3) AppleWebKit/537.36 (KHTML, like Gecko) Chrome/62.0.3187.0 Safari/537.36"
::1 - - [29/Aug/2017:16:16:49 +0000] "GET /team/599256740a47fca301d693e8 HTTP/1.1" 200 759 "http://localhost:3000/scoreboard" "Mozilla/5.0 (Macintosh; Intel Mac OS X 10_12_3) AppleWebKit/537.36 (KHTML, like Gecko) Chrome/62.0.3187.0 Safari/537.36"
::1 - - [29/Aug/2017:16:16:50 +0000] "GET /favicon.ico HTTP/1.1" 304 - "http://localhost:3000/team/599256740a47fca301d693e8" "Mozilla/5.0 (Macintosh; Intel Mac OS X 10_12_3) AppleWebKit/537.36 (KHTML, like Gecko) Chrome/62.0.3187.0 Safari/537.36"
::1 - - [29/Aug/2017:16:17:19 +0000] "GET /team/599256740a47fca301d693e8 HTTP/1.1" 304 - "http://localhost:3000/scoreboard" "Mozilla/5.0 (Macintosh; Intel Mac OS X 10_12_3) AppleWebKit/537.36 (KHTML, like Gecko) Chrome/62.0.3187.0 Safari/537.36"
::1 - - [29/Aug/2017:16:17:19 +0000] "GET /favicon.ico HTTP/1.1" 200 736 "http://localhost:3000/team/599256740a47fca301d693e8" "Mozilla/5.0 (Macintosh; Intel Mac OS X 10_12_3) AppleWebKit/537.36 (KHTML, like Gecko) Chrome/62.0.3187.0 Safari/537.36"
::1 - - [29/Aug/2017:17:06:57 +0000] "GET /team/599256740a47fca301d693e8 HTTP/1.1" 304 - "http://localhost:3000/scoreboard" "Mozilla/5.0 (Macintosh; Intel Mac OS X 10_12_3) AppleWebKit/537.36 (KHTML, like Gecko) Chrome/62.0.3187.0 Safari/537.36"
::1 - - [29/Aug/2017:17:06:57 +0000] "GET /favicon.ico HTTP/1.1" 200 736 "http://localhost:3000/team/599256740a47fca301d693e8" "Mozilla/5.0 (Macintosh; Intel Mac OS X 10_12_3) AppleWebKit/537.36 (KHTML, like Gecko) Chrome/62.0.3187.0 Safari/537.36"
::1 - - [29/Aug/2017:17:13:08 +0000] "GET /team/599dcb451b41c451d3f5cd3b HTTP/1.1" 200 803 "-" "Mozilla/5.0 (Macintosh; Intel Mac OS X 10_12_3) AppleWebKit/537.36 (KHTML, like Gecko) Chrome/62.0.3187.0 Safari/537.36"
::1 - - [29/Aug/2017:17:13:09 +0000] "GET /favicon.ico HTTP/1.1" 304 - "http://localhost:3000/team/599dcb451b41c451d3f5cd3b" "Mozilla/5.0 (Macintosh; Intel Mac OS X 10_12_3) AppleWebKit/537.36 (KHTML, like Gecko) Chrome/62.0.3187.0 Safari/537.36"
::1 - - [29/Aug/2017:18:50:20 +0000] "GET /team/599dcb451b41c451d3f5cd3b HTTP/1.1" 304 - "-" "Mozilla/5.0 (Macintosh; Intel Mac OS X 10_12_3) AppleWebKit/537.36 (KHTML, like Gecko) Chrome/62.0.3187.0 Safari/537.36"
::1 - - [29/Aug/2017:18:50:20 +0000] "GET /favicon.ico HTTP/1.1" 200 736 "http://localhost:3000/team/599dcb451b41c451d3f5cd3b" "Mozilla/5.0 (Macintosh; Intel Mac OS X 10_12_3) AppleWebKit/537.36 (KHTML, like Gecko) Chrome/62.0.3187.0 Safari/537.36"
::1 - - [29/Aug/2017:18:53:00 +0000] "GET /team/599dcb451b41c451d3f5cd3b HTTP/1.1" 200 806 "-" "Mozilla/5.0 (Macintosh; Intel Mac OS X 10_12_3) AppleWebKit/537.36 (KHTML, like Gecko) Chrome/62.0.3187.0 Safari/537.36"
::1 - - [29/Aug/2017:18:53:01 +0000] "GET /favicon.ico HTTP/1.1" 200 736 "http://localhost:3000/team/599dcb451b41c451d3f5cd3b" "Mozilla/5.0 (Macintosh; Intel Mac OS X 10_12_3) AppleWebKit/537.36 (KHTML, like Gecko) Chrome/62.0.3187.0 Safari/537.36"
::1 - - [29/Aug/2017:18:53:03 +0000] "GET /problems HTTP/1.1" 200 2347 "http://localhost:3000/team/599dcb451b41c451d3f5cd3b" "Mozilla/5.0 (Macintosh; Intel Mac OS X 10_12_3) AppleWebKit/537.36 (KHTML, like Gecko) Chrome/62.0.3187.0 Safari/537.36"
::1 - - [29/Aug/2017:18:53:04 +0000] "GET /favicon.ico HTTP/1.1" 304 - "http://localhost:3000/problems" "Mozilla/5.0 (Macintosh; Intel Mac OS X 10_12_3) AppleWebKit/537.36 (KHTML, like Gecko) Chrome/62.0.3187.0 Safari/537.36"
::1 - - [29/Aug/2017:18:53:09 +0000] "POST /api/submit HTTP/1.1" 302 62 "http://localhost:3000/problems" "Mozilla/5.0 (Macintosh; Intel Mac OS X 10_12_3) AppleWebKit/537.36 (KHTML, like Gecko) Chrome/62.0.3187.0 Safari/537.36"
::1 - - [29/Aug/2017:18:53:09 +0000] "GET /problems HTTP/1.1" 200 2347 "http://localhost:3000/problems" "Mozilla/5.0 (Macintosh; Intel Mac OS X 10_12_3) AppleWebKit/537.36 (KHTML, like Gecko) Chrome/62.0.3187.0 Safari/537.36"
::1 - - [29/Aug/2017:18:53:10 +0000] "GET /favicon.ico HTTP/1.1" 304 - "http://localhost:3000/problems" "Mozilla/5.0 (Macintosh; Intel Mac OS X 10_12_3) AppleWebKit/537.36 (KHTML, like Gecko) Chrome/62.0.3187.0 Safari/537.36"
::1 - - [29/Aug/2017:18:53:13 +0000] "GET /team HTTP/1.1" 200 1056 "http://localhost:3000/problems" "Mozilla/5.0 (Macintosh; Intel Mac OS X 10_12_3) AppleWebKit/537.36 (KHTML, like Gecko) Chrome/62.0.3187.0 Safari/537.36"
::1 - - [29/Aug/2017:18:53:13 +0000] "GET /favicon.ico HTTP/1.1" 304 - "http://localhost:3000/team" "Mozilla/5.0 (Macintosh; Intel Mac OS X 10_12_3) AppleWebKit/537.36 (KHTML, like Gecko) Chrome/62.0.3187.0 Safari/537.36"
::1 - - [29/Aug/2017:18:53:14 +0000] "GET /scoreboard HTTP/1.1" 200 1164 "http://localhost:3000/team" "Mozilla/5.0 (Macintosh; Intel Mac OS X 10_12_3) AppleWebKit/537.36 (KHTML, like Gecko) Chrome/62.0.3187.0 Safari/537.36"
::1 - - [29/Aug/2017:18:53:15 +0000] "GET /favicon.ico HTTP/1.1" 304 - "http://localhost:3000/scoreboard" "Mozilla/5.0 (Macintosh; Intel Mac OS X 10_12_3) AppleWebKit/537.36 (KHTML, like Gecko) Chrome/62.0.3187.0 Safari/537.36"
::1 - - [29/Aug/2017:18:53:15 +0000] "GET /problems HTTP/1.1" 200 2347 "http://localhost:3000/scoreboard" "Mozilla/5.0 (Macintosh; Intel Mac OS X 10_12_3) AppleWebKit/537.36 (KHTML, like Gecko) Chrome/62.0.3187.0 Safari/537.36"
::1 - - [29/Aug/2017:18:53:15 +0000] "GET /favicon.ico HTTP/1.1" 304 - "http://localhost:3000/problems" "Mozilla/5.0 (Macintosh; Intel Mac OS X 10_12_3) AppleWebKit/537.36 (KHTML, like Gecko) Chrome/62.0.3187.0 Safari/537.36"
::1 - - [29/Aug/2017:18:53:16 +0000] "GET /scoreboard HTTP/1.1" 304 - "http://localhost:3000/problems" "Mozilla/5.0 (Macintosh; Intel Mac OS X 10_12_3) AppleWebKit/537.36 (KHTML, like Gecko) Chrome/62.0.3187.0 Safari/537.36"
::1 - - [29/Aug/2017:18:53:16 +0000] "GET /favicon.ico HTTP/1.1" 304 - "http://localhost:3000/scoreboard" "Mozilla/5.0 (Macintosh; Intel Mac OS X 10_12_3) AppleWebKit/537.36 (KHTML, like Gecko) Chrome/62.0.3187.0 Safari/537.36"
::1 - - [29/Aug/2017:18:53:20 +0000] "GET /team HTTP/1.1" 200 1056 "http://localhost:3000/scoreboard" "Mozilla/5.0 (Macintosh; Intel Mac OS X 10_12_3) AppleWebKit/537.36 (KHTML, like Gecko) Chrome/62.0.3187.0 Safari/537.36"
::1 - - [29/Aug/2017:18:53:20 +0000] "GET /favicon.ico HTTP/1.1" 304 - "http://localhost:3000/team" "Mozilla/5.0 (Macintosh; Intel Mac OS X 10_12_3) AppleWebKit/537.36 (KHTML, like Gecko) Chrome/62.0.3187.0 Safari/537.36"
::1 - - [29/Aug/2017:18:53:21 +0000] "GET /scoreboard HTTP/1.1" 304 - "http://localhost:3000/team" "Mozilla/5.0 (Macintosh; Intel Mac OS X 10_12_3) AppleWebKit/537.36 (KHTML, like Gecko) Chrome/62.0.3187.0 Safari/537.36"
::1 - - [29/Aug/2017:18:53:22 +0000] "GET /favicon.ico HTTP/1.1" 304 - "http://localhost:3000/scoreboard" "Mozilla/5.0 (Macintosh; Intel Mac OS X 10_12_3) AppleWebKit/537.36 (KHTML, like Gecko) Chrome/62.0.3187.0 Safari/537.36"
::1 - - [29/Aug/2017:18:53:24 +0000] "GET /team/59a59308464e74468db3f12b HTTP/1.1" 200 806 "http://localhost:3000/scoreboard" "Mozilla/5.0 (Macintosh; Intel Mac OS X 10_12_3) AppleWebKit/537.36 (KHTML, like Gecko) Chrome/62.0.3187.0 Safari/537.36"
::1 - - [29/Aug/2017:18:53:24 +0000] "GET /favicon.ico HTTP/1.1" 304 - "http://localhost:3000/team/59a59308464e74468db3f12b" "Mozilla/5.0 (Macintosh; Intel Mac OS X 10_12_3) AppleWebKit/537.36 (KHTML, like Gecko) Chrome/62.0.3187.0 Safari/537.36"
::1 - - [29/Aug/2017:19:01:13 +0000] "GET /team/59a59308464e74468db3f12b HTTP/1.1" 304 - "http://localhost:3000/scoreboard" "Mozilla/5.0 (Macintosh; Intel Mac OS X 10_12_3) AppleWebKit/537.36 (KHTML, like Gecko) Chrome/62.0.3187.0 Safari/537.36"
::1 - - [29/Aug/2017:19:01:13 +0000] "GET /favicon.ico HTTP/1.1" 200 736 "http://localhost:3000/team/59a59308464e74468db3f12b" "Mozilla/5.0 (Macintosh; Intel Mac OS X 10_12_3) AppleWebKit/537.36 (KHTML, like Gecko) Chrome/62.0.3187.0 Safari/537.36"
::1 - - [29/Aug/2017:19:01:18 +0000] "GET /scoreboard HTTP/1.1" 304 - "http://localhost:3000/team/59a59308464e74468db3f12b" "Mozilla/5.0 (Macintosh; Intel Mac OS X 10_12_3) AppleWebKit/537.36 (KHTML, like Gecko) Chrome/62.0.3187.0 Safari/537.36"
::1 - - [29/Aug/2017:19:01:19 +0000] "GET /favicon.ico HTTP/1.1" 304 - "http://localhost:3000/scoreboard" "Mozilla/5.0 (Macintosh; Intel Mac OS X 10_12_3) AppleWebKit/537.36 (KHTML, like Gecko) Chrome/62.0.3187.0 Safari/537.36"
::1 - - [29/Aug/2017:19:01:19 +0000] "GET /team/599dcb451b41c451d3f5cd3b HTTP/1.1" 304 - "http://localhost:3000/scoreboard" "Mozilla/5.0 (Macintosh; Intel Mac OS X 10_12_3) AppleWebKit/537.36 (KHTML, like Gecko) Chrome/62.0.3187.0 Safari/537.36"
::1 - - [29/Aug/2017:19:01:20 +0000] "GET /favicon.ico HTTP/1.1" 304 - "http://localhost:3000/team/599dcb451b41c451d3f5cd3b" "Mozilla/5.0 (Macintosh; Intel Mac OS X 10_12_3) AppleWebKit/537.36 (KHTML, like Gecko) Chrome/62.0.3187.0 Safari/537.36"
::1 - - [29/Aug/2017:19:01:26 +0000] "GET /scoreboard HTTP/1.1" 304 - "http://localhost:3000/team/599dcb451b41c451d3f5cd3b" "Mozilla/5.0 (Macintosh; Intel Mac OS X 10_12_3) AppleWebKit/537.36 (KHTML, like Gecko) Chrome/62.0.3187.0 Safari/537.36"
::1 - - [29/Aug/2017:19:01:27 +0000] "GET /favicon.ico HTTP/1.1" 304 - "http://localhost:3000/scoreboard" "Mozilla/5.0 (Macintosh; Intel Mac OS X 10_12_3) AppleWebKit/537.36 (KHTML, like Gecko) Chrome/62.0.3187.0 Safari/537.36"
::1 - - [29/Aug/2017:19:01:29 +0000] "GET /team/599256740a47fca301d693e8 HTTP/1.1" 200 806 "http://localhost:3000/scoreboard" "Mozilla/5.0 (Macintosh; Intel Mac OS X 10_12_3) AppleWebKit/537.36 (KHTML, like Gecko) Chrome/62.0.3187.0 Safari/537.36"
::1 - - [29/Aug/2017:19:01:29 +0000] "GET /favicon.ico HTTP/1.1" 304 - "http://localhost:3000/team/599256740a47fca301d693e8" "Mozilla/5.0 (Macintosh; Intel Mac OS X 10_12_3) AppleWebKit/537.36 (KHTML, like Gecko) Chrome/62.0.3187.0 Safari/537.36"
::1 - - [29/Aug/2017:19:01:36 +0000] "GET /scoreboard HTTP/1.1" 304 - "http://localhost:3000/team/599256740a47fca301d693e8" "Mozilla/5.0 (Macintosh; Intel Mac OS X 10_12_3) AppleWebKit/537.36 (KHTML, like Gecko) Chrome/62.0.3187.0 Safari/537.36"
::1 - - [29/Aug/2017:19:01:36 +0000] "GET /favicon.ico HTTP/1.1" 304 - "http://localhost:3000/scoreboard" "Mozilla/5.0 (Macintosh; Intel Mac OS X 10_12_3) AppleWebKit/537.36 (KHTML, like Gecko) Chrome/62.0.3187.0 Safari/537.36"
::1 - - [29/Aug/2017:19:02:03 +0000] "GET /team/599dcb451b41c451d3f5cd3b HTTP/1.1" 304 - "http://localhost:3000/scoreboard" "Mozilla/5.0 (Macintosh; Intel Mac OS X 10_12_3) AppleWebKit/537.36 (KHTML, like Gecko) Chrome/62.0.3187.0 Safari/537.36"
::1 - - [29/Aug/2017:19:02:03 +0000] "GET /favicon.ico HTTP/1.1" 304 - "http://localhost:3000/team/599dcb451b41c451d3f5cd3b" "Mozilla/5.0 (Macintosh; Intel Mac OS X 10_12_3) AppleWebKit/537.36 (KHTML, like Gecko) Chrome/62.0.3187.0 Safari/537.36"
::1 - - [29/Aug/2017:19:02:03 +0000] "GET /team/599dcb451b41c451d3f5cd3b HTTP/1.1" 304 - "http://localhost:3000/scoreboard" "Mozilla/5.0 (Macintosh; Intel Mac OS X 10_12_3) AppleWebKit/537.36 (KHTML, like Gecko) Chrome/62.0.3187.0 Safari/537.36"
::1 - - [29/Aug/2017:19:02:04 +0000] "GET /favicon.ico HTTP/1.1" 200 736 "http://localhost:3000/team/599dcb451b41c451d3f5cd3b" "Mozilla/5.0 (Macintosh; Intel Mac OS X 10_12_3) AppleWebKit/537.36 (KHTML, like Gecko) Chrome/62.0.3187.0 Safari/537.36"
::1 - - [29/Aug/2017:19:02:38 +0000] "GET /team/599dcb451b41c451d3f5cd3b HTTP/1.1" 304 - "http://localhost:3000/scoreboard" "Mozilla/5.0 (Macintosh; Intel Mac OS X 10_12_3) AppleWebKit/537.36 (KHTML, like Gecko) Chrome/62.0.3187.0 Safari/537.36"
::1 - - [29/Aug/2017:19:02:39 +0000] "GET /favicon.ico HTTP/1.1" 304 - "http://localhost:3000/team/599dcb451b41c451d3f5cd3b" "Mozilla/5.0 (Macintosh; Intel Mac OS X 10_12_3) AppleWebKit/537.36 (KHTML, like Gecko) Chrome/62.0.3187.0 Safari/537.36"
::1 - - [29/Aug/2017:19:04:19 +0000] "GET /team/599dcb451b41c451d3f5cd3b HTTP/1.1" 200 910 "http://localhost:3000/scoreboard" "Mozilla/5.0 (Macintosh; Intel Mac OS X 10_12_3) AppleWebKit/537.36 (KHTML, like Gecko) Chrome/62.0.3187.0 Safari/537.36"
::1 - - [29/Aug/2017:19:04:19 +0000] "GET /favicon.ico HTTP/1.1" 304 - "http://localhost:3000/team/599dcb451b41c451d3f5cd3b" "Mozilla/5.0 (Macintosh; Intel Mac OS X 10_12_3) AppleWebKit/537.36 (KHTML, like Gecko) Chrome/62.0.3187.0 Safari/537.36"
::1 - - [29/Aug/2017:19:31:02 +0000] "GET /team/599dcb451b41c451d3f5cd3b HTTP/1.1" 200 906 "-" "Mozilla/5.0 (Macintosh; Intel Mac OS X 10_12_3) AppleWebKit/537.36 (KHTML, like Gecko) Chrome/62.0.3187.0 Safari/537.36"
::1 - - [29/Aug/2017:19:31:03 +0000] "GET /favicon.ico HTTP/1.1" 304 - "http://localhost:3000/team/599dcb451b41c451d3f5cd3b" "Mozilla/5.0 (Macintosh; Intel Mac OS X 10_12_3) AppleWebKit/537.36 (KHTML, like Gecko) Chrome/62.0.3187.0 Safari/537.36"
::1 - - [29/Aug/2017:19:31:07 +0000] "GET /favicon.ico HTTP/1.1" 304 - "http://localhost:3000/scoreboard" "Mozilla/5.0 (Macintosh; Intel Mac OS X 10_12_3) AppleWebKit/537.36 (KHTML, like Gecko) Chrome/62.0.3187.0 Safari/537.36"
::1 - - [29/Aug/2017:19:31:09 +0000] "GET /scoreboard HTTP/1.1" 304 - "http://localhost:3000/team/599256740a47fca301d693e8" "Mozilla/5.0 (Macintosh; Intel Mac OS X 10_12_3) AppleWebKit/537.36 (KHTML, like Gecko) Chrome/62.0.3187.0 Safari/537.36"
::1 - - [29/Aug/2017:19:31:10 +0000] "GET /favicon.ico HTTP/1.1" 304 - "http://localhost:3000/scoreboard" "Mozilla/5.0 (Macintosh; Intel Mac OS X 10_12_3) AppleWebKit/537.36 (KHTML, like Gecko) Chrome/62.0.3187.0 Safari/537.36"
::1 - - [29/Aug/2017:19:31:11 +0000] "GET /team/599dcb451b41c451d3f5cd3b HTTP/1.1" 304 - "http://localhost:3000/scoreboard" "Mozilla/5.0 (Macintosh; Intel Mac OS X 10_12_3) AppleWebKit/537.36 (KHTML, like Gecko) Chrome/62.0.3187.0 Safari/537.36"
::1 - - [29/Aug/2017:19:31:11 +0000] "GET /favicon.ico HTTP/1.1" 304 - "http://localhost:3000/team/599dcb451b41c451d3f5cd3b" "Mozilla/5.0 (Macintosh; Intel Mac OS X 10_12_3) AppleWebKit/537.36 (KHTML, like Gecko) Chrome/62.0.3187.0 Safari/537.36"
::1 - - [29/Aug/2017:19:35:28 +0000] "GET /team/599dcb451b41c451d3f5cd3b HTTP/1.1" 304 - "http://localhost:3000/scoreboard" "Mozilla/5.0 (Macintosh; Intel Mac OS X 10_12_3) AppleWebKit/537.36 (KHTML, like Gecko) Chrome/62.0.3187.0 Safari/537.36"
::1 - - [29/Aug/2017:19:35:28 +0000] "GET /favicon.ico HTTP/1.1" 304 - "http://localhost:3000/team/599dcb451b41c451d3f5cd3b" "Mozilla/5.0 (Macintosh; Intel Mac OS X 10_12_3) AppleWebKit/537.36 (KHTML, like Gecko) Chrome/62.0.3187.0 Safari/537.36"
::1 - - [29/Aug/2017:19:35:29 +0000] "GET /team/599dcb451b41c451d3f5cd3b HTTP/1.1" 304 - "http://localhost:3000/scoreboard" "Mozilla/5.0 (Macintosh; Intel Mac OS X 10_12_3) AppleWebKit/537.36 (KHTML, like Gecko) Chrome/62.0.3187.0 Safari/537.36"
::1 - - [29/Aug/2017:19:35:30 +0000] "GET /favicon.ico HTTP/1.1" 304 - "http://localhost:3000/team/599dcb451b41c451d3f5cd3b" "Mozilla/5.0 (Macintosh; Intel Mac OS X 10_12_3) AppleWebKit/537.36 (KHTML, like Gecko) Chrome/62.0.3187.0 Safari/537.36"
::1 - - [29/Aug/2017:19:36:14 +0000] "GET /team/599dcb451b41c451d3f5cd3b HTTP/1.1" 304 - "http://localhost:3000/scoreboard" "Mozilla/5.0 (Macintosh; Intel Mac OS X 10_12_3) AppleWebKit/537.36 (KHTML, like Gecko) Chrome/62.0.3187.0 Safari/537.36"
::1 - - [29/Aug/2017:19:36:15 +0000] "GET /favicon.ico HTTP/1.1" 304 - "http://localhost:3000/team/599dcb451b41c451d3f5cd3b" "Mozilla/5.0 (Macintosh; Intel Mac OS X 10_12_3) AppleWebKit/537.36 (KHTML, like Gecko) Chrome/62.0.3187.0 Safari/537.36"
::1 - - [29/Aug/2017:19:36:45 +0000] "GET /team/599dcb451b41c451d3f5cd3b HTTP/1.1" 304 - "http://localhost:3000/scoreboard" "Mozilla/5.0 (Macintosh; Intel Mac OS X 10_12_3) AppleWebKit/537.36 (KHTML, like Gecko) Chrome/62.0.3187.0 Safari/537.36"
::1 - - [29/Aug/2017:19:36:46 +0000] "GET /favicon.ico HTTP/1.1" 304 - "http://localhost:3000/team/599dcb451b41c451d3f5cd3b" "Mozilla/5.0 (Macintosh; Intel Mac OS X 10_12_3) AppleWebKit/537.36 (KHTML, like Gecko) Chrome/62.0.3187.0 Safari/537.36"
::1 - - [29/Aug/2017:19:37:56 +0000] "GET /team/599dcb451b41c451d3f5cd3b HTTP/1.1" 304 - "http://localhost:3000/scoreboard" "Mozilla/5.0 (Macintosh; Intel Mac OS X 10_12_3) AppleWebKit/537.36 (KHTML, like Gecko) Chrome/62.0.3187.0 Safari/537.36"
::1 - - [29/Aug/2017:19:37:57 +0000] "GET /favicon.ico HTTP/1.1" 304 - "http://localhost:3000/team/599dcb451b41c451d3f5cd3b" "Mozilla/5.0 (Macintosh; Intel Mac OS X 10_12_3) AppleWebKit/537.36 (KHTML, like Gecko) Chrome/62.0.3187.0 Safari/537.36"
::1 - - [29/Aug/2017:20:00:36 +0000] "GET /team/599dcb451b41c451d3f5cd3b HTTP/1.1" 304 - "http://localhost:3000/scoreboard" "Mozilla/5.0 (Macintosh; Intel Mac OS X 10_12_3) AppleWebKit/537.36 (KHTML, like Gecko) Chrome/62.0.3187.0 Safari/537.36"
::1 - - [29/Aug/2017:20:00:36 +0000] "GET /favicon.ico HTTP/1.1" 304 - "http://localhost:3000/team/599dcb451b41c451d3f5cd3b" "Mozilla/5.0 (Macintosh; Intel Mac OS X 10_12_3) AppleWebKit/537.36 (KHTML, like Gecko) Chrome/62.0.3187.0 Safari/537.36"
::1 - - [29/Aug/2017:20:00:55 +0000] "GET /team/599dcb451b41c451d3f5cd3b HTTP/1.1" 304 - "http://localhost:3000/scoreboard" "Mozilla/5.0 (Macintosh; Intel Mac OS X 10_12_3) AppleWebKit/537.36 (KHTML, like Gecko) Chrome/62.0.3187.0 Safari/537.36"
::1 - - [29/Aug/2017:20:00:55 +0000] "GET /favicon.ico HTTP/1.1" 304 - "http://localhost:3000/team/599dcb451b41c451d3f5cd3b" "Mozilla/5.0 (Macintosh; Intel Mac OS X 10_12_3) AppleWebKit/537.36 (KHTML, like Gecko) Chrome/62.0.3187.0 Safari/537.36"
::1 - - [29/Aug/2017:20:01:29 +0000] "GET /team/599dcb451b41c451d3f5cd3b HTTP/1.1" 304 - "http://localhost:3000/scoreboard" "Mozilla/5.0 (Macintosh; Intel Mac OS X 10_12_3) AppleWebKit/537.36 (KHTML, like Gecko) Chrome/62.0.3187.0 Safari/537.36"
::1 - - [29/Aug/2017:20:01:29 +0000] "GET /favicon.ico HTTP/1.1" 304 - "http://localhost:3000/team/599dcb451b41c451d3f5cd3b" "Mozilla/5.0 (Macintosh; Intel Mac OS X 10_12_3) AppleWebKit/537.36 (KHTML, like Gecko) Chrome/62.0.3187.0 Safari/537.36"
::1 - - [29/Aug/2017:20:01:54 +0000] "GET /team/599dcb451b41c451d3f5cd3b HTTP/1.1" 304 - "http://localhost:3000/scoreboard" "Mozilla/5.0 (Macintosh; Intel Mac OS X 10_12_3) AppleWebKit/537.36 (KHTML, like Gecko) Chrome/62.0.3187.0 Safari/537.36"
::1 - - [29/Aug/2017:20:01:55 +0000] "GET /favicon.ico HTTP/1.1" 304 - "http://localhost:3000/team/599dcb451b41c451d3f5cd3b" "Mozilla/5.0 (Macintosh; Intel Mac OS X 10_12_3) AppleWebKit/537.36 (KHTML, like Gecko) Chrome/62.0.3187.0 Safari/537.36"
::1 - - [29/Aug/2017:20:02:48 +0000] "GET /team/599dcb451b41c451d3f5cd3b HTTP/1.1" 304 - "http://localhost:3000/scoreboard" "Mozilla/5.0 (Macintosh; Intel Mac OS X 10_12_3) AppleWebKit/537.36 (KHTML, like Gecko) Chrome/62.0.3187.0 Safari/537.36"
::1 - - [29/Aug/2017:20:02:48 +0000] "GET /favicon.ico HTTP/1.1" 304 - "http://localhost:3000/team/599dcb451b41c451d3f5cd3b" "Mozilla/5.0 (Macintosh; Intel Mac OS X 10_12_3) AppleWebKit/537.36 (KHTML, like Gecko) Chrome/62.0.3187.0 Safari/537.36"
::1 - - [29/Aug/2017:20:44:36 +0000] "GET /team/599dcb451b41c451d3f5cd3b HTTP/1.1" 200 936 "http://localhost:3000/scoreboard" "Mozilla/5.0 (Macintosh; Intel Mac OS X 10_12_3) AppleWebKit/537.36 (KHTML, like Gecko) Chrome/62.0.3187.0 Safari/537.36"
::1 - - [29/Aug/2017:20:44:37 +0000] "GET /favicon.ico HTTP/1.1" 200 736 "http://localhost:3000/team/599dcb451b41c451d3f5cd3b" "Mozilla/5.0 (Macintosh; Intel Mac OS X 10_12_3) AppleWebKit/537.36 (KHTML, like Gecko) Chrome/62.0.3187.0 Safari/537.36"
::1 - - [29/Aug/2017:20:44:54 +0000] "GET /team/599dcb451b41c451d3f5cd3b HTTP/1.1" 200 938 "http://localhost:3000/scoreboard" "Mozilla/5.0 (Macintosh; Intel Mac OS X 10_12_3) AppleWebKit/537.36 (KHTML, like Gecko) Chrome/62.0.3187.0 Safari/537.36"
::1 - - [29/Aug/2017:20:44:54 +0000] "GET /favicon.ico HTTP/1.1" 304 - "http://localhost:3000/team/599dcb451b41c451d3f5cd3b" "Mozilla/5.0 (Macintosh; Intel Mac OS X 10_12_3) AppleWebKit/537.36 (KHTML, like Gecko) Chrome/62.0.3187.0 Safari/537.36"
::1 - - [29/Aug/2017:20:49:23 +0000] "GET /admin HTTP/1.1" 200 - "-" "Mozilla/5.0 (Macintosh; Intel Mac OS X 10_12_3) AppleWebKit/537.36 (KHTML, like Gecko) Chrome/62.0.3187.0 Safari/537.36"
::1 - - [29/Aug/2017:20:49:23 +0000] "GET /favicon.ico HTTP/1.1" 304 - "http://localhost:3000/admin" "Mozilla/5.0 (Macintosh; Intel Mac OS X 10_12_3) AppleWebKit/537.36 (KHTML, like Gecko) Chrome/62.0.3187.0 Safari/537.36"
::1 - - [29/Aug/2017:20:49:25 +0000] "GET /favicon.ico HTTP/1.1" 304 - "http://localhost:3000/team/599dcb451b41c451d3f5cd3b" "Mozilla/5.0 (Macintosh; Intel Mac OS X 10_12_3) AppleWebKit/537.36 (KHTML, like Gecko) Chrome/62.0.3187.0 Safari/537.36"
::1 - - [29/Aug/2017:20:51:18 +0000] "GET /team/599dcb451b41c451d3f5cd3b HTTP/1.1" 304 - "http://localhost:3000/scoreboard" "Mozilla/5.0 (Macintosh; Intel Mac OS X 10_12_3) AppleWebKit/537.36 (KHTML, like Gecko) Chrome/62.0.3187.0 Safari/537.36"
::1 - - [29/Aug/2017:20:51:18 +0000] "GET /favicon.ico HTTP/1.1" 304 - "http://localhost:3000/team/599dcb451b41c451d3f5cd3b" "Mozilla/5.0 (Macintosh; Intel Mac OS X 10_12_3) AppleWebKit/537.36 (KHTML, like Gecko) Chrome/62.0.3187.0 Safari/537.36"
::1 - - [29/Aug/2017:20:51:20 +0000] "GET /logout HTTP/1.1" 302 46 "http://localhost:3000/team/599dcb451b41c451d3f5cd3b" "Mozilla/5.0 (Macintosh; Intel Mac OS X 10_12_3) AppleWebKit/537.36 (KHTML, like Gecko) Chrome/62.0.3187.0 Safari/537.36"
::1 - - [29/Aug/2017:20:51:20 +0000] "GET / HTTP/1.1" 200 690 "http://localhost:3000/team/599dcb451b41c451d3f5cd3b" "Mozilla/5.0 (Macintosh; Intel Mac OS X 10_12_3) AppleWebKit/537.36 (KHTML, like Gecko) Chrome/62.0.3187.0 Safari/537.36"
::1 - - [29/Aug/2017:20:51:20 +0000] "GET /favicon.ico HTTP/1.1" 200 684 "http://localhost:3000/" "Mozilla/5.0 (Macintosh; Intel Mac OS X 10_12_3) AppleWebKit/537.36 (KHTML, like Gecko) Chrome/62.0.3187.0 Safari/537.36"
::1 - - [29/Aug/2017:20:51:23 +0000] "GET /admin HTTP/1.1" 200 - "-" "Mozilla/5.0 (Macintosh; Intel Mac OS X 10_12_3) AppleWebKit/537.36 (KHTML, like Gecko) Chrome/62.0.3187.0 Safari/537.36"
::1 - - [29/Aug/2017:20:51:24 +0000] "GET /favicon.ico HTTP/1.1" 304 - "http://localhost:3000/admin" "Mozilla/5.0 (Macintosh; Intel Mac OS X 10_12_3) AppleWebKit/537.36 (KHTML, like Gecko) Chrome/62.0.3187.0 Safari/537.36"
::1 - - [29/Aug/2017:20:51:25 +0000] "GET /favicon.ico HTTP/1.1" 304 - "http://localhost:3000/" "Mozilla/5.0 (Macintosh; Intel Mac OS X 10_12_3) AppleWebKit/537.36 (KHTML, like Gecko) Chrome/62.0.3187.0 Safari/537.36"
::1 - - [29/Aug/2017:20:51:26 +0000] "GET /login HTTP/1.1" 200 1130 "http://localhost:3000/" "Mozilla/5.0 (Macintosh; Intel Mac OS X 10_12_3) AppleWebKit/537.36 (KHTML, like Gecko) Chrome/62.0.3187.0 Safari/537.36"
::1 - - [29/Aug/2017:20:51:26 +0000] "GET /favicon.ico HTTP/1.1" 304 - "http://localhost:3000/login" "Mozilla/5.0 (Macintosh; Intel Mac OS X 10_12_3) AppleWebKit/537.36 (KHTML, like Gecko) Chrome/62.0.3187.0 Safari/537.36"
::1 - - [29/Aug/2017:20:51:28 +0000] "POST /api/login HTTP/1.1" 302 54 "http://localhost:3000/login" "Mozilla/5.0 (Macintosh; Intel Mac OS X 10_12_3) AppleWebKit/537.36 (KHTML, like Gecko) Chrome/62.0.3187.0 Safari/537.36"
::1 - - [29/Aug/2017:20:51:28 +0000] "GET /team HTTP/1.1" 200 1353 "http://localhost:3000/login" "Mozilla/5.0 (Macintosh; Intel Mac OS X 10_12_3) AppleWebKit/537.36 (KHTML, like Gecko) Chrome/62.0.3187.0 Safari/537.36"
::1 - - [29/Aug/2017:20:51:29 +0000] "GET /favicon.ico HTTP/1.1" 200 736 "http://localhost:3000/team" "Mozilla/5.0 (Macintosh; Intel Mac OS X 10_12_3) AppleWebKit/537.36 (KHTML, like Gecko) Chrome/62.0.3187.0 Safari/537.36"
::1 - - [29/Aug/2017:20:52:01 +0000] "GET /team HTTP/1.1" 200 1353 "http://localhost:3000/login" "Mozilla/5.0 (Macintosh; Intel Mac OS X 10_12_3) AppleWebKit/537.36 (KHTML, like Gecko) Chrome/62.0.3187.0 Safari/537.36"
::1 - - [29/Aug/2017:20:52:01 +0000] "GET /favicon.ico HTTP/1.1" 304 - "http://localhost:3000/team" "Mozilla/5.0 (Macintosh; Intel Mac OS X 10_12_3) AppleWebKit/537.36 (KHTML, like Gecko) Chrome/62.0.3187.0 Safari/537.36"
::1 - - [29/Aug/2017:20:52:02 +0000] "GET /logout HTTP/1.1" 302 46 "http://localhost:3000/team" "Mozilla/5.0 (Macintosh; Intel Mac OS X 10_12_3) AppleWebKit/537.36 (KHTML, like Gecko) Chrome/62.0.3187.0 Safari/537.36"
::1 - - [29/Aug/2017:20:52:02 +0000] "GET / HTTP/1.1" 304 - "http://localhost:3000/team" "Mozilla/5.0 (Macintosh; Intel Mac OS X 10_12_3) AppleWebKit/537.36 (KHTML, like Gecko) Chrome/62.0.3187.0 Safari/537.36"
::1 - - [29/Aug/2017:20:52:03 +0000] "GET /favicon.ico HTTP/1.1" 200 684 "http://localhost:3000/" "Mozilla/5.0 (Macintosh; Intel Mac OS X 10_12_3) AppleWebKit/537.36 (KHTML, like Gecko) Chrome/62.0.3187.0 Safari/537.36"
::1 - - [29/Aug/2017:20:52:04 +0000] "GET / HTTP/1.1" 304 - "http://localhost:3000/team" "Mozilla/5.0 (Macintosh; Intel Mac OS X 10_12_3) AppleWebKit/537.36 (KHTML, like Gecko) Chrome/62.0.3187.0 Safari/537.36"
::1 - - [29/Aug/2017:20:52:04 +0000] "GET /favicon.ico HTTP/1.1" 304 - "http://localhost:3000/" "Mozilla/5.0 (Macintosh; Intel Mac OS X 10_12_3) AppleWebKit/537.36 (KHTML, like Gecko) Chrome/62.0.3187.0 Safari/537.36"
::1 - - [29/Aug/2017:20:52:04 +0000] "GET /login HTTP/1.1" 200 1130 "http://localhost:3000/" "Mozilla/5.0 (Macintosh; Intel Mac OS X 10_12_3) AppleWebKit/537.36 (KHTML, like Gecko) Chrome/62.0.3187.0 Safari/537.36"
::1 - - [29/Aug/2017:20:52:05 +0000] "GET /favicon.ico HTTP/1.1" 304 - "http://localhost:3000/login" "Mozilla/5.0 (Macintosh; Intel Mac OS X 10_12_3) AppleWebKit/537.36 (KHTML, like Gecko) Chrome/62.0.3187.0 Safari/537.36"
::1 - - [29/Aug/2017:20:52:07 +0000] "POST /api/login HTTP/1.1" 302 54 "http://localhost:3000/login" "Mozilla/5.0 (Macintosh; Intel Mac OS X 10_12_3) AppleWebKit/537.36 (KHTML, like Gecko) Chrome/62.0.3187.0 Safari/537.36"
::1 - - [29/Aug/2017:20:52:07 +0000] "GET /team HTTP/1.1" 200 1353 "http://localhost:3000/login" "Mozilla/5.0 (Macintosh; Intel Mac OS X 10_12_3) AppleWebKit/537.36 (KHTML, like Gecko) Chrome/62.0.3187.0 Safari/537.36"
::1 - - [29/Aug/2017:20:52:07 +0000] "GET /favicon.ico HTTP/1.1" 200 736 "http://localhost:3000/team" "Mozilla/5.0 (Macintosh; Intel Mac OS X 10_12_3) AppleWebKit/537.36 (KHTML, like Gecko) Chrome/62.0.3187.0 Safari/537.36"
::1 - - [29/Aug/2017:20:52:12 +0000] "GET /admin HTTP/1.1" 200 736 "-" "Mozilla/5.0 (Macintosh; Intel Mac OS X 10_12_3) AppleWebKit/537.36 (KHTML, like Gecko) Chrome/62.0.3187.0 Safari/537.36"
::1 - - [29/Aug/2017:20:52:13 +0000] "GET /favicon.ico HTTP/1.1" 304 - "http://localhost:3000/admin" "Mozilla/5.0 (Macintosh; Intel Mac OS X 10_12_3) AppleWebKit/537.36 (KHTML, like Gecko) Chrome/62.0.3187.0 Safari/537.36"
::1 - - [29/Aug/2017:20:52:19 +0000] "GET /logout HTTP/1.1" 302 46 "http://localhost:3000/admin" "Mozilla/5.0 (Macintosh; Intel Mac OS X 10_12_3) AppleWebKit/537.36 (KHTML, like Gecko) Chrome/62.0.3187.0 Safari/537.36"
::1 - - [29/Aug/2017:20:52:19 +0000] "GET / HTTP/1.1" 304 - "http://localhost:3000/admin" "Mozilla/5.0 (Macintosh; Intel Mac OS X 10_12_3) AppleWebKit/537.36 (KHTML, like Gecko) Chrome/62.0.3187.0 Safari/537.36"
::1 - - [29/Aug/2017:20:52:19 +0000] "GET /favicon.ico HTTP/1.1" 200 684 "http://localhost:3000/" "Mozilla/5.0 (Macintosh; Intel Mac OS X 10_12_3) AppleWebKit/537.36 (KHTML, like Gecko) Chrome/62.0.3187.0 Safari/537.36"
::1 - - [29/Aug/2017:20:52:21 +0000] "GET /admin HTTP/1.1" 200 - "-" "Mozilla/5.0 (Macintosh; Intel Mac OS X 10_12_3) AppleWebKit/537.36 (KHTML, like Gecko) Chrome/62.0.3187.0 Safari/537.36"
::1 - - [29/Aug/2017:20:52:21 +0000] "GET /favicon.ico HTTP/1.1" 304 - "http://localhost:3000/admin" "Mozilla/5.0 (Macintosh; Intel Mac OS X 10_12_3) AppleWebKit/537.36 (KHTML, like Gecko) Chrome/62.0.3187.0 Safari/537.36"
::1 - - [29/Aug/2017:20:52:24 +0000] "GET /favicon.ico HTTP/1.1" 304 - "http://localhost:3000/" "Mozilla/5.0 (Macintosh; Intel Mac OS X 10_12_3) AppleWebKit/537.36 (KHTML, like Gecko) Chrome/62.0.3187.0 Safari/537.36"
::1 - - [29/Aug/2017:20:53:21 +0000] "GET / HTTP/1.1" 304 - "http://localhost:3000/admin" "Mozilla/5.0 (Macintosh; Intel Mac OS X 10_12_3) AppleWebKit/537.36 (KHTML, like Gecko) Chrome/62.0.3187.0 Safari/537.36"
::1 - - [29/Aug/2017:20:53:21 +0000] "GET /favicon.ico HTTP/1.1" 304 - "http://localhost:3000/" "Mozilla/5.0 (Macintosh; Intel Mac OS X 10_12_3) AppleWebKit/537.36 (KHTML, like Gecko) Chrome/62.0.3187.0 Safari/537.36"
::1 - - [29/Aug/2017:20:53:23 +0000] "GET /admin HTTP/1.1" 200 - "-" "Mozilla/5.0 (Macintosh; Intel Mac OS X 10_12_3) AppleWebKit/537.36 (KHTML, like Gecko) Chrome/62.0.3187.0 Safari/537.36"
::1 - - [29/Aug/2017:20:53:24 +0000] "GET /favicon.ico HTTP/1.1" 304 - "http://localhost:3000/admin" "Mozilla/5.0 (Macintosh; Intel Mac OS X 10_12_3) AppleWebKit/537.36 (KHTML, like Gecko) Chrome/62.0.3187.0 Safari/537.36"
::1 - - [29/Aug/2017:20:53:29 +0000] "GET /admin HTTP/1.1" 200 - "-" "Mozilla/5.0 (Macintosh; Intel Mac OS X 10_12_3) AppleWebKit/537.36 (KHTML, like Gecko) Chrome/62.0.3187.0 Safari/537.36"
::1 - - [29/Aug/2017:20:53:29 +0000] "GET /favicon.ico HTTP/1.1" 304 - "http://localhost:3000/admin" "Mozilla/5.0 (Macintosh; Intel Mac OS X 10_12_3) AppleWebKit/537.36 (KHTML, like Gecko) Chrome/62.0.3187.0 Safari/537.36"
::1 - - [29/Aug/2017:20:53:30 +0000] "GET /admin HTTP/1.1" 200 - "-" "Mozilla/5.0 (Macintosh; Intel Mac OS X 10_12_3) AppleWebKit/537.36 (KHTML, like Gecko) Chrome/62.0.3187.0 Safari/537.36"
::1 - - [29/Aug/2017:20:53:30 +0000] "GET /favicon.ico HTTP/1.1" 304 - "http://localhost:3000/admin" "Mozilla/5.0 (Macintosh; Intel Mac OS X 10_12_3) AppleWebKit/537.36 (KHTML, like Gecko) Chrome/62.0.3187.0 Safari/537.36"
::1 - - [29/Aug/2017:20:53:31 +0000] "GET /favicon.ico HTTP/1.1" 304 - "http://localhost:3000/" "Mozilla/5.0 (Macintosh; Intel Mac OS X 10_12_3) AppleWebKit/537.36 (KHTML, like Gecko) Chrome/62.0.3187.0 Safari/537.36"
::1 - - [29/Aug/2017:20:53:31 +0000] "GET / HTTP/1.1" 304 - "http://localhost:3000/admin" "Mozilla/5.0 (Macintosh; Intel Mac OS X 10_12_3) AppleWebKit/537.36 (KHTML, like Gecko) Chrome/62.0.3187.0 Safari/537.36"
::1 - - [29/Aug/2017:20:53:31 +0000] "GET /favicon.ico HTTP/1.1" 304 - "http://localhost:3000/" "Mozilla/5.0 (Macintosh; Intel Mac OS X 10_12_3) AppleWebKit/537.36 (KHTML, like Gecko) Chrome/62.0.3187.0 Safari/537.36"
::1 - - [29/Aug/2017:20:53:32 +0000] "GET /login HTTP/1.1" 200 1130 "http://localhost:3000/" "Mozilla/5.0 (Macintosh; Intel Mac OS X 10_12_3) AppleWebKit/537.36 (KHTML, like Gecko) Chrome/62.0.3187.0 Safari/537.36"
::1 - - [29/Aug/2017:20:53:32 +0000] "GET /favicon.ico HTTP/1.1" 304 - "http://localhost:3000/login" "Mozilla/5.0 (Macintosh; Intel Mac OS X 10_12_3) AppleWebKit/537.36 (KHTML, like Gecko) Chrome/62.0.3187.0 Safari/537.36"
::1 - - [29/Aug/2017:20:53:35 +0000] "POST /api/login HTTP/1.1" 302 54 "http://localhost:3000/login" "Mozilla/5.0 (Macintosh; Intel Mac OS X 10_12_3) AppleWebKit/537.36 (KHTML, like Gecko) Chrome/62.0.3187.0 Safari/537.36"
::1 - - [29/Aug/2017:20:53:35 +0000] "GET /team HTTP/1.1" 200 1353 "http://localhost:3000/login" "Mozilla/5.0 (Macintosh; Intel Mac OS X 10_12_3) AppleWebKit/537.36 (KHTML, like Gecko) Chrome/62.0.3187.0 Safari/537.36"
::1 - - [29/Aug/2017:20:53:35 +0000] "GET /favicon.ico HTTP/1.1" 200 736 "http://localhost:3000/team" "Mozilla/5.0 (Macintosh; Intel Mac OS X 10_12_3) AppleWebKit/537.36 (KHTML, like Gecko) Chrome/62.0.3187.0 Safari/537.36"
::1 - - [29/Aug/2017:20:53:39 +0000] "GET /admin HTTP/1.1" 200 745 "-" "Mozilla/5.0 (Macintosh; Intel Mac OS X 10_12_3) AppleWebKit/537.36 (KHTML, like Gecko) Chrome/62.0.3187.0 Safari/537.36"
::1 - - [29/Aug/2017:20:53:39 +0000] "GET /favicon.ico HTTP/1.1" 304 - "http://localhost:3000/admin" "Mozilla/5.0 (Macintosh; Intel Mac OS X 10_12_3) AppleWebKit/537.36 (KHTML, like Gecko) Chrome/62.0.3187.0 Safari/537.36"
::1 - - [29/Aug/2017:20:56:09 +0000] "GET /admin HTTP/1.1" 304 - "-" "Mozilla/5.0 (Macintosh; Intel Mac OS X 10_12_3) AppleWebKit/537.36 (KHTML, like Gecko) Chrome/62.0.3187.0 Safari/537.36"
::1 - - [29/Aug/2017:20:56:09 +0000] "GET /favicon.ico HTTP/1.1" 304 - "http://localhost:3000/admin" "Mozilla/5.0 (Macintosh; Intel Mac OS X 10_12_3) AppleWebKit/537.36 (KHTML, like Gecko) Chrome/62.0.3187.0 Safari/537.36"
::1 - - [29/Aug/2017:20:56:54 +0000] "GET /admin HTTP/1.1" 200 801 "-" "Mozilla/5.0 (Macintosh; Intel Mac OS X 10_12_3) AppleWebKit/537.36 (KHTML, like Gecko) Chrome/62.0.3187.0 Safari/537.36"
::1 - - [29/Aug/2017:20:56:55 +0000] "GET /favicon.ico HTTP/1.1" 200 792 "http://localhost:3000/admin" "Mozilla/5.0 (Macintosh; Intel Mac OS X 10_12_3) AppleWebKit/537.36 (KHTML, like Gecko) Chrome/62.0.3187.0 Safari/537.36"
::1 - - [29/Aug/2017:20:57:04 +0000] "GET /admin HTTP/1.1" 304 - "-" "Mozilla/5.0 (Macintosh; Intel Mac OS X 10_12_3) AppleWebKit/537.36 (KHTML, like Gecko) Chrome/62.0.3187.0 Safari/537.36"
::1 - - [29/Aug/2017:20:57:04 +0000] "GET /favicon.ico HTTP/1.1" 304 - "http://localhost:3000/admin" "Mozilla/5.0 (Macintosh; Intel Mac OS X 10_12_3) AppleWebKit/537.36 (KHTML, like Gecko) Chrome/62.0.3187.0 Safari/537.36"
::1 - - [29/Aug/2017:20:57:05 +0000] "GET /admin HTTP/1.1" 304 - "http://localhost:3000/admin" "Mozilla/5.0 (Macintosh; Intel Mac OS X 10_12_3) AppleWebKit/537.36 (KHTML, like Gecko) Chrome/62.0.3187.0 Safari/537.36"
::1 - - [29/Aug/2017:20:57:06 +0000] "GET /favicon.ico HTTP/1.1" 304 - "http://localhost:3000/admin" "Mozilla/5.0 (Macintosh; Intel Mac OS X 10_12_3) AppleWebKit/537.36 (KHTML, like Gecko) Chrome/62.0.3187.0 Safari/537.36"
::1 - - [29/Aug/2017:20:57:07 +0000] "GET /logout HTTP/1.1" 302 46 "http://localhost:3000/admin" "Mozilla/5.0 (Macintosh; Intel Mac OS X 10_12_3) AppleWebKit/537.36 (KHTML, like Gecko) Chrome/62.0.3187.0 Safari/537.36"
::1 - - [29/Aug/2017:20:57:07 +0000] "GET / HTTP/1.1" 500 2497 "http://localhost:3000/admin" "Mozilla/5.0 (Macintosh; Intel Mac OS X 10_12_3) AppleWebKit/537.36 (KHTML, like Gecko) Chrome/62.0.3187.0 Safari/537.36"
::1 - - [29/Aug/2017:20:57:07 +0000] "GET /favicon.ico HTTP/1.1" 500 2497 "http://localhost:3000/" "Mozilla/5.0 (Macintosh; Intel Mac OS X 10_12_3) AppleWebKit/537.36 (KHTML, like Gecko) Chrome/62.0.3187.0 Safari/537.36"
::1 - - [29/Aug/2017:20:57:29 +0000] "GET / HTTP/1.1" 200 690 "http://localhost:3000/admin" "Mozilla/5.0 (Macintosh; Intel Mac OS X 10_12_3) AppleWebKit/537.36 (KHTML, like Gecko) Chrome/62.0.3187.0 Safari/537.36"
::1 - - [29/Aug/2017:20:57:29 +0000] "GET /favicon.ico HTTP/1.1" 200 684 "http://localhost:3000/" "Mozilla/5.0 (Macintosh; Intel Mac OS X 10_12_3) AppleWebKit/537.36 (KHTML, like Gecko) Chrome/62.0.3187.0 Safari/537.36"
::1 - - [29/Aug/2017:20:57:31 +0000] "GET /login HTTP/1.1" 200 1130 "http://localhost:3000/" "Mozilla/5.0 (Macintosh; Intel Mac OS X 10_12_3) AppleWebKit/537.36 (KHTML, like Gecko) Chrome/62.0.3187.0 Safari/537.36"
::1 - - [29/Aug/2017:20:57:31 +0000] "GET /favicon.ico HTTP/1.1" 304 - "http://localhost:3000/login" "Mozilla/5.0 (Macintosh; Intel Mac OS X 10_12_3) AppleWebKit/537.36 (KHTML, like Gecko) Chrome/62.0.3187.0 Safari/537.36"
::1 - - [29/Aug/2017:20:57:34 +0000] "POST /api/login HTTP/1.1" 302 54 "http://localhost:3000/login" "Mozilla/5.0 (Macintosh; Intel Mac OS X 10_12_3) AppleWebKit/537.36 (KHTML, like Gecko) Chrome/62.0.3187.0 Safari/537.36"
::1 - - [29/Aug/2017:20:57:34 +0000] "GET /team HTTP/1.1" 200 1056 "http://localhost:3000/login" "Mozilla/5.0 (Macintosh; Intel Mac OS X 10_12_3) AppleWebKit/537.36 (KHTML, like Gecko) Chrome/62.0.3187.0 Safari/537.36"
::1 - - [29/Aug/2017:20:57:35 +0000] "GET /favicon.ico HTTP/1.1" 200 736 "http://localhost:3000/team" "Mozilla/5.0 (Macintosh; Intel Mac OS X 10_12_3) AppleWebKit/537.36 (KHTML, like Gecko) Chrome/62.0.3187.0 Safari/537.36"
::1 - - [29/Aug/2017:20:57:37 +0000] "GET /logout HTTP/1.1" 302 46 "http://localhost:3000/team" "Mozilla/5.0 (Macintosh; Intel Mac OS X 10_12_3) AppleWebKit/537.36 (KHTML, like Gecko) Chrome/62.0.3187.0 Safari/537.36"
::1 - - [29/Aug/2017:20:57:37 +0000] "GET / HTTP/1.1" 304 - "http://localhost:3000/team" "Mozilla/5.0 (Macintosh; Intel Mac OS X 10_12_3) AppleWebKit/537.36 (KHTML, like Gecko) Chrome/62.0.3187.0 Safari/537.36"
::1 - - [29/Aug/2017:20:57:38 +0000] "GET /favicon.ico HTTP/1.1" 200 684 "http://localhost:3000/" "Mozilla/5.0 (Macintosh; Intel Mac OS X 10_12_3) AppleWebKit/537.36 (KHTML, like Gecko) Chrome/62.0.3187.0 Safari/537.36"
::1 - - [29/Aug/2017:20:57:39 +0000] "GET /login HTTP/1.1" 200 1130 "http://localhost:3000/" "Mozilla/5.0 (Macintosh; Intel Mac OS X 10_12_3) AppleWebKit/537.36 (KHTML, like Gecko) Chrome/62.0.3187.0 Safari/537.36"
::1 - - [29/Aug/2017:20:57:39 +0000] "GET /favicon.ico HTTP/1.1" 304 - "http://localhost:3000/login" "Mozilla/5.0 (Macintosh; Intel Mac OS X 10_12_3) AppleWebKit/537.36 (KHTML, like Gecko) Chrome/62.0.3187.0 Safari/537.36"
::1 - - [29/Aug/2017:20:57:42 +0000] "POST /api/login HTTP/1.1" 302 54 "http://localhost:3000/login" "Mozilla/5.0 (Macintosh; Intel Mac OS X 10_12_3) AppleWebKit/537.36 (KHTML, like Gecko) Chrome/62.0.3187.0 Safari/537.36"
::1 - - [29/Aug/2017:20:57:42 +0000] "GET /team HTTP/1.1" 200 1409 "http://localhost:3000/login" "Mozilla/5.0 (Macintosh; Intel Mac OS X 10_12_3) AppleWebKit/537.36 (KHTML, like Gecko) Chrome/62.0.3187.0 Safari/537.36"
::1 - - [29/Aug/2017:20:57:42 +0000] "GET /favicon.ico HTTP/1.1" 200 792 "http://localhost:3000/team" "Mozilla/5.0 (Macintosh; Intel Mac OS X 10_12_3) AppleWebKit/537.36 (KHTML, like Gecko) Chrome/62.0.3187.0 Safari/537.36"
